Building FuglyBot-0.1.0...
Preprocessing library FuglyBot-0.1.0...
[1 of 8] Compiling NLP.WordNet.Consts ( src/NLP/WordNet/Consts.hs, dist/build/NLP/WordNet/Consts.o )

src/NLP/WordNet/Consts.hs:3:1: Warning:
    The import of ‘Data.List’ is redundant
      except perhaps to import instances from ‘Data.List’
    To import instances alone, use: import Data.List()

src/NLP/WordNet/Consts.hs:6:1: Warning:
    Top-level binding with no type signature:
      makePath :: [FilePath] -> FilePath

src/NLP/WordNet/Consts.hs:8:1: Warning:
    Top-level binding with no type signature: dictDir :: [Char]

src/NLP/WordNet/Consts.hs:9:1: Warning:
    Top-level binding with no type signature: defaultPath :: [Char]

src/NLP/WordNet/Consts.hs:10:1: Warning:
    Top-level binding with no type signature: defaultBin :: [Char]
[2 of 8] Compiling NLP.WordNet.Common ( src/NLP/WordNet/Common.hs, dist/build/NLP/WordNet/Common.o )

src/NLP/WordNet/Common.hs:11:1: Warning:
    Module ‘Prelude’ does not export ‘catch’
[3 of 8] Compiling NLP.WordNet.PrimTypes ( src/NLP/WordNet/PrimTypes.hs, dist/build/NLP/WordNet/PrimTypes.o )

src/NLP/WordNet/PrimTypes.hs:16:1: Warning:
    Top-level binding with no type signature: allPOS :: [POS]

src/NLP/WordNet/PrimTypes.hs:21:1: Warning:
    Top-level binding with no type signature: fromEPOS :: EPOS -> POS

src/NLP/WordNet/PrimTypes.hs:24:1: Warning:
    Top-level binding with no type signature: allEPOS :: [EPOS]

src/NLP/WordNet/PrimTypes.hs:56:13: Warning:
    Defined but not used: ‘i’

src/NLP/WordNet/PrimTypes.hs:57:13: Warning:
    Defined but not used: ‘i’

src/NLP/WordNet/PrimTypes.hs:58:13: Warning:
    Defined but not used: ‘i’

src/NLP/WordNet/PrimTypes.hs:59:13: Warning:
    Defined but not used: ‘i’

src/NLP/WordNet/PrimTypes.hs:60:13: Warning:
    Defined but not used: ‘i’

src/NLP/WordNet/PrimTypes.hs:61:13: Warning:
    Defined but not used: ‘i’

src/NLP/WordNet/PrimTypes.hs:65:12: Warning:
    Defined but not used: ‘j’

src/NLP/WordNet/PrimTypes.hs:97:1: Warning:
    Top-level binding with no type signature: wordNetEnv0 :: WordNetEnv

src/NLP/WordNet/PrimTypes.hs:139:1: Warning:
    Top-level binding with no type signature: synset0 :: Synset

src/NLP/WordNet/PrimTypes.hs:168:1: Warning:
    Top-level binding with no type signature: index0 :: Index

src/NLP/WordNet/PrimTypes.hs:181:1: Warning:
    Top-level binding with no type signature: allForm :: [Form]

src/NLP/WordNet/PrimTypes.hs:27:3: Warning:
    Pattern match(es) are non-exhaustive
    In an equation for ‘toEnum’:
        Patterns not matched:
            ghc-prim:GHC.Types.I# #x with #x `notElem` [1#, 2#, 3#, 4#]

src/NLP/WordNet/PrimTypes.hs:39:3: Warning:
    Pattern match(es) are non-exhaustive
    In an equation for ‘toEnum’:
        Patterns not matched:
            ghc-prim:GHC.Types.I# #x with #x `notElem` [1#, 2#, 3#, 4#, 5#, 6#]

src/NLP/WordNet/PrimTypes.hs:45:3: Warning:
    Pattern match(es) are non-exhaustive
    In an equation for ‘fromEnum’:
        Patterns not matched:
            IndirectAnt
            DirectAnt
            UnknownEPos
            Pertainym
[4 of 8] Compiling NLP.WordNet.Util ( src/NLP/WordNet/Util.hs, dist/build/NLP/WordNet/Util.o )

src/NLP/WordNet/Util.hs:7:1: Warning:
    Module ‘Prelude’ does not export ‘catch’

src/NLP/WordNet/Util.hs:12:1: Warning:
    The import of ‘GHC.IO.Handle’ is redundant
      except perhaps to import instances from ‘GHC.IO.Handle’
    To import instances alone, use: import GHC.IO.Handle()

src/NLP/WordNet/Util.hs:17:1: Warning:
    Top-level binding with no type signature:
      openFileEx :: FilePath -> IOModeEx -> IO Handle

src/NLP/WordNet/Util.hs:21:1: Warning:
    Top-level binding with no type signature:
      fst3 :: forall t t1 t2. (t, t1, t2) -> t

src/NLP/WordNet/Util.hs:22:1: Warning:
    Top-level binding with no type signature:
      snd3 :: forall t t1 t2. (t, t1, t2) -> t1

src/NLP/WordNet/Util.hs:23:1: Warning:
    Top-level binding with no type signature:
      thr3 :: forall t t1 t2. (t, t1, t2) -> t2

src/NLP/WordNet/Util.hs:35:1: Warning:
    Top-level binding with no type signature:
      lexId :: Synset -> Int -> Int

src/NLP/WordNet/Util.hs:36:1: Warning:
    Top-level binding with no type signature:
      padTo :: Int -> [Char] -> [Char]

src/NLP/WordNet/Util.hs:47:1: Warning:
    Top-level binding with no type signature:
      charForPOS :: POS -> [Char]

src/NLP/WordNet/Util.hs:75:1: Warning:
    Top-level binding with no type signature:
      replaceChar :: forall t. Eq t => t -> t -> [t] -> [t]

src/NLP/WordNet/Util.hs:75:13: Warning:
    Defined but not used: ‘from’

src/NLP/WordNet/Util.hs:75:18: Warning: Defined but not used: ‘to’

src/NLP/WordNet/Util.hs:80:1: Warning:
    Top-level binding with no type signature:
      getPointerType :: [Char] -> Form
[5 of 8] Compiling NLP.WordNet.Types ( src/NLP/WordNet/Types.hs, dist/build/NLP/WordNet/Types.o )

src/NLP/WordNet/Types.hs:82:1: Warning:
    The import of ‘System.IO.Unsafe’ is redundant
      except perhaps to import instances from ‘System.IO.Unsafe’
    To import instances alone, use: import System.IO.Unsafe()

src/NLP/WordNet/Types.hs:193:13: Warning: Defined but not used: ‘i’

src/NLP/WordNet/Types.hs:192:10: Warning:
    Orphan instance: instance Show SearchResult
[6 of 8] Compiling NLP.WordNet.Prims ( src/NLP/WordNet/Prims.hs, dist/build/NLP/WordNet/Prims.o )

src/NLP/WordNet/Prims.hs:43:1: Warning:
    The import of ‘GHC.IO.Handle’ is redundant
      except perhaps to import instances from ‘GHC.IO.Handle’
    To import instances alone, use: import GHC.IO.Handle()

src/NLP/WordNet/Prims.hs:198:21: Warning:
    Defined but not used: ‘synPtrs’

src/NLP/WordNet/Prims.hs:254:21: Warning: Defined but not used: ‘f’

src/NLP/WordNet/Prims.hs:254:32: Warning: Defined but not used: ‘j’

src/NLP/WordNet/Prims.hs:254:34: Warning: Defined but not used: ‘k’

src/NLP/WordNet/Prims.hs:325:61: Warning: Defined but not used: ‘x’

src/NLP/WordNet/Prims.hs:325:63: Warning: Defined but not used: ‘y’

src/NLP/WordNet/Prims.hs:309:25: Warning:
    Pattern match(es) are non-exhaustive
    In a case alternative: Patterns not matched: EQ

src/NLP/WordNet/Prims.hs:316:17: Warning:
    A do-notation statement discarded a result of type ‘String’
    Suppress this warning by saying ‘_ <- hGetLine h’
    or by using the flag -fno-warn-unused-do-bind
[7 of 8] Compiling NLP.WordNet      ( src/NLP/WordNet.hs, dist/build/NLP/WordNet.o )

src/NLP/WordNet.hs:70:1: Warning:
    Module ‘Prelude’ does not export ‘catch’

src/NLP/WordNet.hs:71:1: Warning:
    The import of ‘Data.Array’ is redundant
      except perhaps to import instances from ‘Data.Array’
    To import instances alone, use: import Data.Array()

src/NLP/WordNet.hs:72:1: Warning:
    The import of ‘GHC.Arr’ is redundant
      except perhaps to import instances from ‘GHC.Arr’
    To import instances alone, use: import GHC.Arr()

src/NLP/WordNet.hs:73:1: Warning:
    The import of ‘GHC.IO.Handle’ is redundant
      except perhaps to import instances from ‘GHC.IO.Handle’
    To import instances alone, use: import GHC.IO.Handle()

src/NLP/WordNet.hs:75:1: Warning:
    The import of ‘Data.IORef’ is redundant
      except perhaps to import instances from ‘Data.IORef’
    To import instances alone, use: import Data.IORef()

src/NLP/WordNet.hs:76:1: Warning:
    The import of ‘Data.Dynamic’ is redundant
      except perhaps to import instances from ‘Data.Dynamic’
    To import instances alone, use: import Data.Dynamic()

src/NLP/WordNet.hs:78:1: Warning:
    The import of ‘Numeric’ is redundant
      except perhaps to import instances from ‘Numeric’
    To import instances alone, use: import Numeric()

src/NLP/WordNet.hs:82:1: Warning:
    The import of ‘NLP.WordNet.Consts’ is redundant
      except perhaps to import instances from ‘NLP.WordNet.Consts’
    To import instances alone, use: import NLP.WordNet.Consts()

src/NLP/WordNet.hs:153:15: Warning: Defined but not used: ‘s’

src/NLP/WordNet.hs:212:15: Warning: Defined but not used: ‘form’

src/NLP/WordNet.hs:241:15: Warning: Defined but not used: ‘form’

src/NLP/WordNet.hs:336:1: Warning:
    Top-level binding with no type signature:
      meetSearchPaths :: forall (b :: * -> *).
                         Bag b (Tree SearchResult) =>
                         b (Tree SearchResult)
                         -> Tree SearchResult
                         -> Tree SearchResult
                         -> Maybe ([SearchResult], SearchResult, [SearchResult])

src/NLP/WordNet.hs:355:1: Warning:
    Defined but not used: ‘personTree’

src/NLP/WordNet.hs:355:1: Warning:
    Top-level binding with no type signature:
      personTree :: IO (Tree SearchResult)

src/NLP/WordNet.hs:356:1: Warning:
    Defined but not used: ‘organizationTree’

src/NLP/WordNet.hs:356:1: Warning:
    Top-level binding with no type signature:
      organizationTree :: IO (Tree SearchResult)

src/NLP/WordNet.hs:257:3: Warning:
    Pattern match(es) are non-exhaustive
    In an equation for ‘splitBag’: Patterns not matched: []

src/NLP/WordNet.hs:266:3: Warning:
    Pattern match(es) are non-exhaustive
    In an equation for ‘splitBag’: Patterns not matched: Queue []
[8 of 8] Compiling FuglyLib         ( src/FuglyLib.hs, dist/build/FuglyLib.o )

src/FuglyLib.hs:63:1: Warning:
    The import of ‘Text.Regex.Posix’ is redundant
      except perhaps to import instances from ‘Text.Regex.Posix’
    To import instances alone, use: import Text.Regex.Posix()

src/FuglyLib.hs:133:10: Warning: Defined but not used: ‘fugly’

src/FuglyLib.hs:152:13: Warning: Defined but not used: ‘m’

src/FuglyLib.hs:161:13: Warning: Defined but not used: ‘m’

src/FuglyLib.hs:224:1: Warning:
    Top-level binding with no type signature: qWords :: [[Char]]

src/FuglyLib.hs:225:1: Warning:
    Top-level binding with no type signature: badEndWords :: [[Char]]

src/FuglyLib.hs:230:1: Warning:
    Top-level binding with no type signature: wordIs :: Word -> [Char]

src/FuglyLib.hs:230:22: Warning: Defined but not used: ‘w’

src/FuglyLib.hs:230:24: Warning: Defined but not used: ‘c’

src/FuglyLib.hs:230:26: Warning: Defined but not used: ‘b’

src/FuglyLib.hs:230:28: Warning: Defined but not used: ‘a’

src/FuglyLib.hs:230:30: Warning: Defined but not used: ‘r’

src/FuglyLib.hs:230:32: Warning: Defined but not used: ‘p’

src/FuglyLib.hs:231:22: Warning: Defined but not used: ‘n’

src/FuglyLib.hs:231:24: Warning: Defined but not used: ‘c’

src/FuglyLib.hs:231:26: Warning: Defined but not used: ‘b’

src/FuglyLib.hs:231:28: Warning: Defined but not used: ‘a’

src/FuglyLib.hs:231:30: Warning: Defined but not used: ‘r’

src/FuglyLib.hs:232:23: Warning: Defined but not used: ‘p’

src/FuglyLib.hs:232:25: Warning: Defined but not used: ‘c’

src/FuglyLib.hs:232:27: Warning: Defined but not used: ‘b’

src/FuglyLib.hs:232:29: Warning: Defined but not used: ‘a’

src/FuglyLib.hs:232:31: Warning: Defined but not used: ‘r’

src/FuglyLib.hs:233:24: Warning: Defined but not used: ‘p’

src/FuglyLib.hs:233:26: Warning: Defined but not used: ‘c’

src/FuglyLib.hs:233:28: Warning: Defined but not used: ‘b’

src/FuglyLib.hs:233:30: Warning: Defined but not used: ‘a’

src/FuglyLib.hs:233:32: Warning: Defined but not used: ‘r’

src/FuglyLib.hs:234:1: Warning:
    Top-level binding with no type signature:
      wordGetWord :: Word -> String

src/FuglyLib.hs:234:24: Warning: Defined but not used: ‘c’

src/FuglyLib.hs:234:26: Warning: Defined but not used: ‘b’

src/FuglyLib.hs:234:28: Warning: Defined but not used: ‘a’

src/FuglyLib.hs:234:30: Warning: Defined but not used: ‘r’

src/FuglyLib.hs:234:32: Warning: Defined but not used: ‘p’

src/FuglyLib.hs:235:24: Warning: Defined but not used: ‘c’

src/FuglyLib.hs:235:26: Warning: Defined but not used: ‘b’

src/FuglyLib.hs:235:28: Warning: Defined but not used: ‘a’

src/FuglyLib.hs:235:30: Warning: Defined but not used: ‘r’

src/FuglyLib.hs:237:1: Warning:
    Top-level binding with no type signature:
      wordGetCount :: Word -> Int

src/FuglyLib.hs:237:22: Warning: Defined but not used: ‘w’

src/FuglyLib.hs:237:26: Warning: Defined but not used: ‘b’

src/FuglyLib.hs:237:28: Warning: Defined but not used: ‘a’

src/FuglyLib.hs:237:30: Warning: Defined but not used: ‘r’

src/FuglyLib.hs:237:32: Warning: Defined but not used: ‘p’

src/FuglyLib.hs:238:22: Warning: Defined but not used: ‘n’

src/FuglyLib.hs:238:26: Warning: Defined but not used: ‘b’

src/FuglyLib.hs:238:28: Warning: Defined but not used: ‘a’

src/FuglyLib.hs:238:30: Warning: Defined but not used: ‘r’

src/FuglyLib.hs:240:1: Warning:
    Top-level binding with no type signature:
      wordGetAfter :: Word -> Map.Map String Int

src/FuglyLib.hs:240:22: Warning: Defined but not used: ‘w’

src/FuglyLib.hs:240:24: Warning: Defined but not used: ‘c’

src/FuglyLib.hs:240:26: Warning: Defined but not used: ‘b’

src/FuglyLib.hs:240:30: Warning: Defined but not used: ‘r’

src/FuglyLib.hs:240:32: Warning: Defined but not used: ‘p’

src/FuglyLib.hs:241:22: Warning: Defined but not used: ‘n’

src/FuglyLib.hs:241:24: Warning: Defined but not used: ‘c’

src/FuglyLib.hs:241:26: Warning: Defined but not used: ‘b’

src/FuglyLib.hs:241:30: Warning: Defined but not used: ‘r’

src/FuglyLib.hs:243:1: Warning:
    Top-level binding with no type signature:
      wordGetBefore :: Word -> Map.Map String Int

src/FuglyLib.hs:243:22: Warning: Defined but not used: ‘w’

src/FuglyLib.hs:243:24: Warning: Defined but not used: ‘c’

src/FuglyLib.hs:243:28: Warning: Defined but not used: ‘a’

src/FuglyLib.hs:243:30: Warning: Defined but not used: ‘r’

src/FuglyLib.hs:243:32: Warning: Defined but not used: ‘p’

src/FuglyLib.hs:244:22: Warning: Defined but not used: ‘n’

src/FuglyLib.hs:244:24: Warning: Defined but not used: ‘c’

src/FuglyLib.hs:244:28: Warning: Defined but not used: ‘a’

src/FuglyLib.hs:244:30: Warning: Defined but not used: ‘r’

src/FuglyLib.hs:246:1: Warning:
    Top-level binding with no type signature:
      wordGetRelated :: Word -> [String]

src/FuglyLib.hs:246:22: Warning: Defined but not used: ‘w’

src/FuglyLib.hs:246:24: Warning: Defined but not used: ‘c’

src/FuglyLib.hs:246:26: Warning: Defined but not used: ‘b’

src/FuglyLib.hs:246:28: Warning: Defined but not used: ‘a’

src/FuglyLib.hs:246:32: Warning: Defined but not used: ‘p’

src/FuglyLib.hs:247:22: Warning: Defined but not used: ‘n’

src/FuglyLib.hs:247:24: Warning: Defined but not used: ‘c’

src/FuglyLib.hs:247:26: Warning: Defined but not used: ‘b’

src/FuglyLib.hs:247:28: Warning: Defined but not used: ‘a’

src/FuglyLib.hs:249:1: Warning:
    Top-level binding with no type signature:
      wordGetPos :: Word -> EPOS

src/FuglyLib.hs:249:22: Warning: Defined but not used: ‘w’

src/FuglyLib.hs:249:24: Warning: Defined but not used: ‘c’

src/FuglyLib.hs:249:26: Warning: Defined but not used: ‘b’

src/FuglyLib.hs:249:28: Warning: Defined but not used: ‘a’

src/FuglyLib.hs:249:30: Warning: Defined but not used: ‘r’

src/FuglyLib.hs:250:22: Warning: Defined but not used: ‘n’

src/FuglyLib.hs:250:24: Warning: Defined but not used: ‘c’

src/FuglyLib.hs:250:26: Warning: Defined but not used: ‘b’

src/FuglyLib.hs:250:28: Warning: Defined but not used: ‘a’

src/FuglyLib.hs:250:30: Warning: Defined but not used: ‘r’

src/FuglyLib.hs:252:1: Warning:
    Top-level binding with no type signature:
      wordGetwc :: Word -> (Int, String)

src/FuglyLib.hs:258:26: Warning: Defined but not used: ‘dict’

src/FuglyLib.hs:258:31: Warning: Defined but not used: ‘pgf’

src/FuglyLib.hs:258:62: Warning: Defined but not used: ‘xs’

src/FuglyLib.hs:276:12: Warning: Defined but not used: ‘fugly’

src/FuglyLib.hs:276:30: Warning: Defined but not used: ‘pgf’

src/FuglyLib.hs:276:34: Warning: Defined but not used: ‘wne’

src/FuglyLib.hs:276:38: Warning: Defined but not used: ‘aspell’

src/FuglyLib.hs:276:45: Warning: Defined but not used: ‘allow’

src/FuglyLib.hs:276:51: Warning: Defined but not used: ‘ban’

src/FuglyLib.hs:277:30: Warning: Defined but not used: ‘pgf’

src/FuglyLib.hs:277:34: Warning: Defined but not used: ‘wne’

src/FuglyLib.hs:277:45: Warning: Defined but not used: ‘allow’

src/FuglyLib.hs:295:1: Warning:
    Top-level binding with no type signature:
      insertWordRaw :: Fugly
                       -> String -> String -> String -> String -> IO (Map.Map String Word)

src/FuglyLib.hs:328:1: Warning:
    Top-level binding with no type signature:
      insertName :: Fugly
                    -> String -> String -> String -> IO (Map.Map String Word)

src/FuglyLib.hs:331:27: Warning: Defined but not used: ‘wne’

src/FuglyLib.hs:331:31: Warning: Defined but not used: ‘aspell’

src/FuglyLib.hs:363:24: Warning: Defined but not used: ‘b’

src/FuglyLib.hs:363:26: Warning: Defined but not used: ‘a’

src/FuglyLib.hs:365:24: Warning: Defined but not used: ‘b’

src/FuglyLib.hs:365:26: Warning: Defined but not used: ‘a’

src/FuglyLib.hs:393:13: Warning: Defined but not used: ‘n’

src/FuglyLib.hs:409:38: Warning: Defined but not used: ‘n’

src/FuglyLib.hs:418:36: Warning: Defined but not used: ‘n’

src/FuglyLib.hs:428:37: Warning: Defined but not used: ‘n’

src/FuglyLib.hs:437:34: Warning: Defined but not used: ‘n’

src/FuglyLib.hs:447:24: Warning: Defined but not used: ‘c’

src/FuglyLib.hs:453:66: Warning: Defined but not used: ‘w’

src/FuglyLib.hs:460:68: Warning: Defined but not used: ‘w’

src/FuglyLib.hs:563:1: Warning:
    Top-level binding with no type signature:
      fReadInt :: [Char] -> Int -> String -> Int

src/FuglyLib.hs:564:1: Warning:
    Top-level binding with no type signature:
      fHead :: forall a. [Char] -> a -> [a] -> a

src/FuglyLib.hs:565:7: Warning: Defined but not used: ‘a’

src/FuglyLib.hs:565:9: Warning: Defined but not used: ‘b’

src/FuglyLib.hs:566:1: Warning:
    Top-level binding with no type signature:
      fLast :: forall a. [Char] -> a -> [a] -> a

src/FuglyLib.hs:567:7: Warning: Defined but not used: ‘a’

src/FuglyLib.hs:567:9: Warning: Defined but not used: ‘b’

src/FuglyLib.hs:568:1: Warning:
    Top-level binding with no type signature:
      fTail :: forall a. [Char] -> [a] -> [a] -> [a]

src/FuglyLib.hs:569:7: Warning: Defined but not used: ‘a’

src/FuglyLib.hs:569:9: Warning: Defined but not used: ‘b’

src/FuglyLib.hs:629:12: Warning: Defined but not used: ‘wne’

src/FuglyLib.hs:724:31: Warning: Defined but not used: ‘b’

src/FuglyLib.hs:725:9: Warning: Defined but not used: ‘pgf’

src/FuglyLib.hs:725:13: Warning: Defined but not used: ‘lang’

src/FuglyLib.hs:727:9: Warning: Defined but not used: ‘pgf’

src/FuglyLib.hs:727:13: Warning: Defined but not used: ‘lang’

src/FuglyLib.hs:728:9: Warning: Defined but not used: ‘pgf’

src/FuglyLib.hs:728:13: Warning: Defined but not used: ‘lang’

src/FuglyLib.hs:737:23: Warning: Defined but not used: ‘dict’

src/FuglyLib.hs:737:32: Warning: Defined but not used: ‘wne’

src/FuglyLib.hs:737:36: Warning: Defined but not used: ‘aspell’

src/FuglyLib.hs:761:18: Warning: Defined but not used: ‘d’

src/FuglyLib.hs:761:20: Warning: Defined but not used: ‘p’

src/FuglyLib.hs:761:22: Warning: Defined but not used: ‘w’

src/FuglyLib.hs:761:24: Warning: Defined but not used: ‘s’

src/FuglyLib.hs:761:26: Warning: Defined but not used: ‘a’

src/FuglyLib.hs:761:28: Warning: Defined but not used: ‘b’

src/FuglyLib.hs:778:8: Warning: Defined but not used: ‘msg’

src/FuglyLib.hs:791:29: Warning: Defined but not used: ‘dict’

src/FuglyLib.hs:791:34: Warning: Defined but not used: ‘pgf’

src/FuglyLib.hs:791:42: Warning: Defined but not used: ‘aspell’

src/FuglyLib.hs:810:11: Warning: Defined but not used: ‘fugly’

src/FuglyLib.hs:823:14: Warning: Defined but not used: ‘fugly’

src/FuglyLib.hs:823:32: Warning: Defined but not used: ‘pgf’

src/FuglyLib.hs:823:36: Warning: Defined but not used: ‘wne’

src/FuglyLib.hs:823:40: Warning: Defined but not used: ‘aspell’

src/FuglyLib.hs:891:12: Warning: Defined but not used: ‘fugly’

src/FuglyLib.hs:152:5: Warning:
    Pattern match(es) are non-exhaustive
    In an equation for ‘format'’:
        Patterns not matched:
            Place _ _ _ _ _
            Phrase _ _ _ _ _

src/FuglyLib.hs:252:1: Warning:
    Pattern match(es) are non-exhaustive
    In an equation for ‘wordGetwc’:
        Patterns not matched:
            Place _ _ _ _ _
            Phrase _ _ _ _ _

src/FuglyLib.hs:292:5: Warning:
    Pattern match(es) are non-exhaustive
    In an equation for ‘f’:
        Patterns not matched:
            Place _ _ _ _ _
            Phrase _ _ _ _ _

src/FuglyLib.hs:357:7: Warning:
    Pattern match(es) are non-exhaustive
    In an equation for ‘del'’:
        Patterns not matched:
            Place _ _ _ _ _
            Phrase _ _ _ _ _

src/FuglyLib.hs:363:7: Warning:
    Pattern match(es) are non-exhaustive
    In an equation for ‘age’:
        Patterns not matched:
            Place _ _ _ _ _
            Phrase _ _ _ _ _

src/FuglyLib.hs:386:7: Warning:
    Pattern match(es) are non-exhaustive
    In an equation for ‘f’:
        Patterns not matched:
            (_, Place _ _ _ _ _)
            (_, Phrase _ _ _ _ _)

src/FuglyLib.hs:405:1: Warning:
    Pattern match(es) are non-exhaustive
    In an equation for ‘incCount'’:
        Patterns not matched:
            (Place _ _ _ _ _) _
            (Phrase _ _ _ _ _) _

src/FuglyLib.hs:409:1: Warning:
    Pattern match(es) are non-exhaustive
    In an equation for ‘incBefore'’:
        Patterns not matched:
            (Place _ _ _ _ _) _ _
            (Phrase _ _ _ _ _) _ _

src/FuglyLib.hs:428:1: Warning:
    Pattern match(es) are non-exhaustive
    In an equation for ‘incAfter'’:
        Patterns not matched:
            (Place _ _ _ _ _) _ _
            (Phrase _ _ _ _ _) _ _

src/FuglyLib.hs:484:5: Warning:
    Pattern match(es) are non-exhaustive
    In an equation for ‘f’:
        Patterns not matched:
            Place _ _ _ _ _
            Phrase _ _ _ _ _
In-place registering FuglyBot-0.1.0...
Preprocessing executable 'fuglybot' for FuglyBot-0.1.0...
[1 of 9] Compiling NLP.WordNet.Consts ( src/NLP/WordNet/Consts.hs, dist/build/fuglybot/fuglybot-tmp/NLP/WordNet/Consts.o )

src/NLP/WordNet/Consts.hs:3:1: Warning:
    The import of ‘Data.List’ is redundant
      except perhaps to import instances from ‘Data.List’
    To import instances alone, use: import Data.List()

src/NLP/WordNet/Consts.hs:6:1: Warning:
    Top-level binding with no type signature:
      makePath :: [FilePath] -> FilePath

src/NLP/WordNet/Consts.hs:8:1: Warning:
    Top-level binding with no type signature: dictDir :: [Char]

src/NLP/WordNet/Consts.hs:9:1: Warning:
    Top-level binding with no type signature: defaultPath :: [Char]

src/NLP/WordNet/Consts.hs:10:1: Warning:
    Top-level binding with no type signature: defaultBin :: [Char]
[2 of 9] Compiling NLP.WordNet.Common ( src/NLP/WordNet/Common.hs, dist/build/fuglybot/fuglybot-tmp/NLP/WordNet/Common.o )

src/NLP/WordNet/Common.hs:11:1: Warning:
    Module ‘Prelude’ does not export ‘catch’
[3 of 9] Compiling NLP.WordNet.PrimTypes ( src/NLP/WordNet/PrimTypes.hs, dist/build/fuglybot/fuglybot-tmp/NLP/WordNet/PrimTypes.o )

src/NLP/WordNet/PrimTypes.hs:16:1: Warning:
    Top-level binding with no type signature: allPOS :: [POS]

src/NLP/WordNet/PrimTypes.hs:21:1: Warning:
    Top-level binding with no type signature: fromEPOS :: EPOS -> POS

src/NLP/WordNet/PrimTypes.hs:24:1: Warning:
    Top-level binding with no type signature: allEPOS :: [EPOS]

src/NLP/WordNet/PrimTypes.hs:56:13: Warning:
    Defined but not used: ‘i’

src/NLP/WordNet/PrimTypes.hs:57:13: Warning:
    Defined but not used: ‘i’

src/NLP/WordNet/PrimTypes.hs:58:13: Warning:
    Defined but not used: ‘i’

src/NLP/WordNet/PrimTypes.hs:59:13: Warning:
    Defined but not used: ‘i’

src/NLP/WordNet/PrimTypes.hs:60:13: Warning:
    Defined but not used: ‘i’

src/NLP/WordNet/PrimTypes.hs:61:13: Warning:
    Defined but not used: ‘i’

src/NLP/WordNet/PrimTypes.hs:65:12: Warning:
    Defined but not used: ‘j’

src/NLP/WordNet/PrimTypes.hs:97:1: Warning:
    Top-level binding with no type signature: wordNetEnv0 :: WordNetEnv

src/NLP/WordNet/PrimTypes.hs:139:1: Warning:
    Top-level binding with no type signature: synset0 :: Synset

src/NLP/WordNet/PrimTypes.hs:168:1: Warning:
    Top-level binding with no type signature: index0 :: Index

src/NLP/WordNet/PrimTypes.hs:181:1: Warning:
    Top-level binding with no type signature: allForm :: [Form]

src/NLP/WordNet/PrimTypes.hs:27:3: Warning:
    Pattern match(es) are non-exhaustive
    In an equation for ‘toEnum’:
        Patterns not matched:
            ghc-prim:GHC.Types.I# #x with #x `notElem` [1#, 2#, 3#, 4#]

src/NLP/WordNet/PrimTypes.hs:39:3: Warning:
    Pattern match(es) are non-exhaustive
    In an equation for ‘toEnum’:
        Patterns not matched:
            ghc-prim:GHC.Types.I# #x with #x `notElem` [1#, 2#, 3#, 4#, 5#, 6#]

src/NLP/WordNet/PrimTypes.hs:45:3: Warning:
    Pattern match(es) are non-exhaustive
    In an equation for ‘fromEnum’:
        Patterns not matched:
            IndirectAnt
            DirectAnt
            UnknownEPos
            Pertainym
[4 of 9] Compiling NLP.WordNet.Util ( src/NLP/WordNet/Util.hs, dist/build/fuglybot/fuglybot-tmp/NLP/WordNet/Util.o )

src/NLP/WordNet/Util.hs:7:1: Warning:
    Module ‘Prelude’ does not export ‘catch’

src/NLP/WordNet/Util.hs:12:1: Warning:
    The import of ‘GHC.IO.Handle’ is redundant
      except perhaps to import instances from ‘GHC.IO.Handle’
    To import instances alone, use: import GHC.IO.Handle()

src/NLP/WordNet/Util.hs:17:1: Warning:
    Top-level binding with no type signature:
      openFileEx :: FilePath -> IOModeEx -> IO Handle

src/NLP/WordNet/Util.hs:21:1: Warning:
    Top-level binding with no type signature:
      fst3 :: forall t t1 t2. (t, t1, t2) -> t

src/NLP/WordNet/Util.hs:22:1: Warning:
    Top-level binding with no type signature:
      snd3 :: forall t t1 t2. (t, t1, t2) -> t1

src/NLP/WordNet/Util.hs:23:1: Warning:
    Top-level binding with no type signature:
      thr3 :: forall t t1 t2. (t, t1, t2) -> t2

src/NLP/WordNet/Util.hs:35:1: Warning:
    Top-level binding with no type signature:
      lexId :: Synset -> Int -> Int

src/NLP/WordNet/Util.hs:36:1: Warning:
    Top-level binding with no type signature:
      padTo :: Int -> [Char] -> [Char]

src/NLP/WordNet/Util.hs:47:1: Warning:
    Top-level binding with no type signature:
      charForPOS :: POS -> [Char]

src/NLP/WordNet/Util.hs:75:1: Warning:
    Top-level binding with no type signature:
      replaceChar :: forall t. Eq t => t -> t -> [t] -> [t]

src/NLP/WordNet/Util.hs:75:13: Warning:
    Defined but not used: ‘from’

src/NLP/WordNet/Util.hs:75:18: Warning: Defined but not used: ‘to’

src/NLP/WordNet/Util.hs:80:1: Warning:
    Top-level binding with no type signature:
      getPointerType :: [Char] -> Form
[5 of 9] Compiling NLP.WordNet.Types ( src/NLP/WordNet/Types.hs, dist/build/fuglybot/fuglybot-tmp/NLP/WordNet/Types.o )

src/NLP/WordNet/Types.hs:82:1: Warning:
    The import of ‘System.IO.Unsafe’ is redundant
      except perhaps to import instances from ‘System.IO.Unsafe’
    To import instances alone, use: import System.IO.Unsafe()

src/NLP/WordNet/Types.hs:193:13: Warning: Defined but not used: ‘i’

src/NLP/WordNet/Types.hs:192:10: Warning:
    Orphan instance: instance Show SearchResult
[6 of 9] Compiling NLP.WordNet.Prims ( src/NLP/WordNet/Prims.hs, dist/build/fuglybot/fuglybot-tmp/NLP/WordNet/Prims.o )

src/NLP/WordNet/Prims.hs:43:1: Warning:
    The import of ‘GHC.IO.Handle’ is redundant
      except perhaps to import instances from ‘GHC.IO.Handle’
    To import instances alone, use: import GHC.IO.Handle()

src/NLP/WordNet/Prims.hs:198:21: Warning:
    Defined but not used: ‘synPtrs’

src/NLP/WordNet/Prims.hs:254:21: Warning: Defined but not used: ‘f’

src/NLP/WordNet/Prims.hs:254:32: Warning: Defined but not used: ‘j’

src/NLP/WordNet/Prims.hs:254:34: Warning: Defined but not used: ‘k’

src/NLP/WordNet/Prims.hs:325:61: Warning: Defined but not used: ‘x’

src/NLP/WordNet/Prims.hs:325:63: Warning: Defined but not used: ‘y’

src/NLP/WordNet/Prims.hs:309:25: Warning:
    Pattern match(es) are non-exhaustive
    In a case alternative: Patterns not matched: EQ

src/NLP/WordNet/Prims.hs:316:17: Warning:
    A do-notation statement discarded a result of type ‘String’
    Suppress this warning by saying ‘_ <- hGetLine h’
    or by using the flag -fno-warn-unused-do-bind
[7 of 9] Compiling NLP.WordNet      ( src/NLP/WordNet.hs, dist/build/fuglybot/fuglybot-tmp/NLP/WordNet.o )

src/NLP/WordNet.hs:70:1: Warning:
    Module ‘Prelude’ does not export ‘catch’

src/NLP/WordNet.hs:71:1: Warning:
    The import of ‘Data.Array’ is redundant
      except perhaps to import instances from ‘Data.Array’
    To import instances alone, use: import Data.Array()

src/NLP/WordNet.hs:72:1: Warning:
    The import of ‘GHC.Arr’ is redundant
      except perhaps to import instances from ‘GHC.Arr’
    To import instances alone, use: import GHC.Arr()

src/NLP/WordNet.hs:73:1: Warning:
    The import of ‘GHC.IO.Handle’ is redundant
      except perhaps to import instances from ‘GHC.IO.Handle’
    To import instances alone, use: import GHC.IO.Handle()

src/NLP/WordNet.hs:75:1: Warning:
    The import of ‘Data.IORef’ is redundant
      except perhaps to import instances from ‘Data.IORef’
    To import instances alone, use: import Data.IORef()

src/NLP/WordNet.hs:76:1: Warning:
    The import of ‘Data.Dynamic’ is redundant
      except perhaps to import instances from ‘Data.Dynamic’
    To import instances alone, use: import Data.Dynamic()

src/NLP/WordNet.hs:78:1: Warning:
    The import of ‘Numeric’ is redundant
      except perhaps to import instances from ‘Numeric’
    To import instances alone, use: import Numeric()

src/NLP/WordNet.hs:82:1: Warning:
    The import of ‘NLP.WordNet.Consts’ is redundant
      except perhaps to import instances from ‘NLP.WordNet.Consts’
    To import instances alone, use: import NLP.WordNet.Consts()

src/NLP/WordNet.hs:153:15: Warning: Defined but not used: ‘s’

src/NLP/WordNet.hs:212:15: Warning: Defined but not used: ‘form’

src/NLP/WordNet.hs:241:15: Warning: Defined but not used: ‘form’

src/NLP/WordNet.hs:336:1: Warning:
    Top-level binding with no type signature:
      meetSearchPaths :: forall (b :: * -> *).
                         Bag b (Tree SearchResult) =>
                         b (Tree SearchResult)
                         -> Tree SearchResult
                         -> Tree SearchResult
                         -> Maybe ([SearchResult], SearchResult, [SearchResult])

src/NLP/WordNet.hs:355:1: Warning:
    Defined but not used: ‘personTree’

src/NLP/WordNet.hs:355:1: Warning:
    Top-level binding with no type signature:
      personTree :: IO (Tree SearchResult)

src/NLP/WordNet.hs:356:1: Warning:
    Defined but not used: ‘organizationTree’

src/NLP/WordNet.hs:356:1: Warning:
    Top-level binding with no type signature:
      organizationTree :: IO (Tree SearchResult)

src/NLP/WordNet.hs:257:3: Warning:
    Pattern match(es) are non-exhaustive
    In an equation for ‘splitBag’: Patterns not matched: []

src/NLP/WordNet.hs:266:3: Warning:
    Pattern match(es) are non-exhaustive
    In an equation for ‘splitBag’: Patterns not matched: Queue []
[8 of 9] Compiling FuglyLib         ( src/FuglyLib.hs, dist/build/fuglybot/fuglybot-tmp/FuglyLib.o )

src/FuglyLib.hs:63:1: Warning:
    The import of ‘Text.Regex.Posix’ is redundant
      except perhaps to import instances from ‘Text.Regex.Posix’
    To import instances alone, use: import Text.Regex.Posix()

src/FuglyLib.hs:133:10: Warning: Defined but not used: ‘fugly’

src/FuglyLib.hs:152:13: Warning: Defined but not used: ‘m’

src/FuglyLib.hs:161:13: Warning: Defined but not used: ‘m’

src/FuglyLib.hs:224:1: Warning:
    Top-level binding with no type signature: qWords :: [[Char]]

src/FuglyLib.hs:225:1: Warning:
    Top-level binding with no type signature: badEndWords :: [[Char]]

src/FuglyLib.hs:230:1: Warning:
    Top-level binding with no type signature: wordIs :: Word -> [Char]

src/FuglyLib.hs:230:22: Warning: Defined but not used: ‘w’

src/FuglyLib.hs:230:24: Warning: Defined but not used: ‘c’

src/FuglyLib.hs:230:26: Warning: Defined but not used: ‘b’

src/FuglyLib.hs:230:28: Warning: Defined but not used: ‘a’

src/FuglyLib.hs:230:30: Warning: Defined but not used: ‘r’

src/FuglyLib.hs:230:32: Warning: Defined but not used: ‘p’

src/FuglyLib.hs:231:22: Warning: Defined but not used: ‘n’

src/FuglyLib.hs:231:24: Warning: Defined but not used: ‘c’

src/FuglyLib.hs:231:26: Warning: Defined but not used: ‘b’

src/FuglyLib.hs:231:28: Warning: Defined but not used: ‘a’

src/FuglyLib.hs:231:30: Warning: Defined but not used: ‘r’

src/FuglyLib.hs:232:23: Warning: Defined but not used: ‘p’

src/FuglyLib.hs:232:25: Warning: Defined but not used: ‘c’

src/FuglyLib.hs:232:27: Warning: Defined but not used: ‘b’

src/FuglyLib.hs:232:29: Warning: Defined but not used: ‘a’

src/FuglyLib.hs:232:31: Warning: Defined but not used: ‘r’

src/FuglyLib.hs:233:24: Warning: Defined but not used: ‘p’

src/FuglyLib.hs:233:26: Warning: Defined but not used: ‘c’

src/FuglyLib.hs:233:28: Warning: Defined but not used: ‘b’

src/FuglyLib.hs:233:30: Warning: Defined but not used: ‘a’

src/FuglyLib.hs:233:32: Warning: Defined but not used: ‘r’

src/FuglyLib.hs:234:1: Warning:
    Top-level binding with no type signature:
      wordGetWord :: Word -> String

src/FuglyLib.hs:234:24: Warning: Defined but not used: ‘c’

src/FuglyLib.hs:234:26: Warning: Defined but not used: ‘b’

src/FuglyLib.hs:234:28: Warning: Defined but not used: ‘a’

src/FuglyLib.hs:234:30: Warning: Defined but not used: ‘r’

src/FuglyLib.hs:234:32: Warning: Defined but not used: ‘p’

src/FuglyLib.hs:235:24: Warning: Defined but not used: ‘c’

src/FuglyLib.hs:235:26: Warning: Defined but not used: ‘b’

src/FuglyLib.hs:235:28: Warning: Defined but not used: ‘a’

src/FuglyLib.hs:235:30: Warning: Defined but not used: ‘r’

src/FuglyLib.hs:237:1: Warning:
    Top-level binding with no type signature:
      wordGetCount :: Word -> Int

src/FuglyLib.hs:237:22: Warning: Defined but not used: ‘w’

src/FuglyLib.hs:237:26: Warning: Defined but not used: ‘b’

src/FuglyLib.hs:237:28: Warning: Defined but not used: ‘a’

src/FuglyLib.hs:237:30: Warning: Defined but not used: ‘r’

src/FuglyLib.hs:237:32: Warning: Defined but not used: ‘p’

src/FuglyLib.hs:238:22: Warning: Defined but not used: ‘n’

src/FuglyLib.hs:238:26: Warning: Defined but not used: ‘b’

src/FuglyLib.hs:238:28: Warning: Defined but not used: ‘a’

src/FuglyLib.hs:238:30: Warning: Defined but not used: ‘r’

src/FuglyLib.hs:240:1: Warning:
    Top-level binding with no type signature:
      wordGetAfter :: Word -> Map.Map String Int

src/FuglyLib.hs:240:22: Warning: Defined but not used: ‘w’

src/FuglyLib.hs:240:24: Warning: Defined but not used: ‘c’

src/FuglyLib.hs:240:26: Warning: Defined but not used: ‘b’

src/FuglyLib.hs:240:30: Warning: Defined but not used: ‘r’

src/FuglyLib.hs:240:32: Warning: Defined but not used: ‘p’

src/FuglyLib.hs:241:22: Warning: Defined but not used: ‘n’

src/FuglyLib.hs:241:24: Warning: Defined but not used: ‘c’

src/FuglyLib.hs:241:26: Warning: Defined but not used: ‘b’

src/FuglyLib.hs:241:30: Warning: Defined but not used: ‘r’

src/FuglyLib.hs:243:1: Warning:
    Top-level binding with no type signature:
      wordGetBefore :: Word -> Map.Map String Int

src/FuglyLib.hs:243:22: Warning: Defined but not used: ‘w’

src/FuglyLib.hs:243:24: Warning: Defined but not used: ‘c’

src/FuglyLib.hs:243:28: Warning: Defined but not used: ‘a’

src/FuglyLib.hs:243:30: Warning: Defined but not used: ‘r’

src/FuglyLib.hs:243:32: Warning: Defined but not used: ‘p’

src/FuglyLib.hs:244:22: Warning: Defined but not used: ‘n’

src/FuglyLib.hs:244:24: Warning: Defined but not used: ‘c’

src/FuglyLib.hs:244:28: Warning: Defined but not used: ‘a’

src/FuglyLib.hs:244:30: Warning: Defined but not used: ‘r’

src/FuglyLib.hs:246:1: Warning:
    Top-level binding with no type signature:
      wordGetRelated :: Word -> [String]

src/FuglyLib.hs:246:22: Warning: Defined but not used: ‘w’

src/FuglyLib.hs:246:24: Warning: Defined but not used: ‘c’

src/FuglyLib.hs:246:26: Warning: Defined but not used: ‘b’

src/FuglyLib.hs:246:28: Warning: Defined but not used: ‘a’

src/FuglyLib.hs:246:32: Warning: Defined but not used: ‘p’

src/FuglyLib.hs:247:22: Warning: Defined but not used: ‘n’

src/FuglyLib.hs:247:24: Warning: Defined but not used: ‘c’

src/FuglyLib.hs:247:26: Warning: Defined but not used: ‘b’

src/FuglyLib.hs:247:28: Warning: Defined but not used: ‘a’

src/FuglyLib.hs:249:1: Warning:
    Top-level binding with no type signature:
      wordGetPos :: Word -> EPOS

src/FuglyLib.hs:249:22: Warning: Defined but not used: ‘w’

src/FuglyLib.hs:249:24: Warning: Defined but not used: ‘c’

src/FuglyLib.hs:249:26: Warning: Defined but not used: ‘b’

src/FuglyLib.hs:249:28: Warning: Defined but not used: ‘a’

src/FuglyLib.hs:249:30: Warning: Defined but not used: ‘r’

src/FuglyLib.hs:250:22: Warning: Defined but not used: ‘n’

src/FuglyLib.hs:250:24: Warning: Defined but not used: ‘c’

src/FuglyLib.hs:250:26: Warning: Defined but not used: ‘b’

src/FuglyLib.hs:250:28: Warning: Defined but not used: ‘a’

src/FuglyLib.hs:250:30: Warning: Defined but not used: ‘r’

src/FuglyLib.hs:252:1: Warning:
    Top-level binding with no type signature:
      wordGetwc :: Word -> (Int, String)

src/FuglyLib.hs:258:26: Warning: Defined but not used: ‘dict’

src/FuglyLib.hs:258:31: Warning: Defined but not used: ‘pgf’

src/FuglyLib.hs:258:62: Warning: Defined but not used: ‘xs’

src/FuglyLib.hs:276:12: Warning: Defined but not used: ‘fugly’

src/FuglyLib.hs:276:30: Warning: Defined but not used: ‘pgf’

src/FuglyLib.hs:276:34: Warning: Defined but not used: ‘wne’

src/FuglyLib.hs:276:38: Warning: Defined but not used: ‘aspell’

src/FuglyLib.hs:276:45: Warning: Defined but not used: ‘allow’

src/FuglyLib.hs:276:51: Warning: Defined but not used: ‘ban’

src/FuglyLib.hs:277:30: Warning: Defined but not used: ‘pgf’

src/FuglyLib.hs:277:34: Warning: Defined but not used: ‘wne’

src/FuglyLib.hs:277:45: Warning: Defined but not used: ‘allow’

src/FuglyLib.hs:295:1: Warning:
    Top-level binding with no type signature:
      insertWordRaw :: Fugly
                       -> String -> String -> String -> String -> IO (Map.Map String Word)

src/FuglyLib.hs:328:1: Warning:
    Top-level binding with no type signature:
      insertName :: Fugly
                    -> String -> String -> String -> IO (Map.Map String Word)

src/FuglyLib.hs:331:27: Warning: Defined but not used: ‘wne’

src/FuglyLib.hs:331:31: Warning: Defined but not used: ‘aspell’

src/FuglyLib.hs:363:24: Warning: Defined but not used: ‘b’

src/FuglyLib.hs:363:26: Warning: Defined but not used: ‘a’

src/FuglyLib.hs:365:24: Warning: Defined but not used: ‘b’

src/FuglyLib.hs:365:26: Warning: Defined but not used: ‘a’

src/FuglyLib.hs:393:13: Warning: Defined but not used: ‘n’

src/FuglyLib.hs:409:38: Warning: Defined but not used: ‘n’

src/FuglyLib.hs:418:36: Warning: Defined but not used: ‘n’

src/FuglyLib.hs:428:37: Warning: Defined but not used: ‘n’

src/FuglyLib.hs:437:34: Warning: Defined but not used: ‘n’

src/FuglyLib.hs:447:24: Warning: Defined but not used: ‘c’

src/FuglyLib.hs:453:66: Warning: Defined but not used: ‘w’

src/FuglyLib.hs:460:68: Warning: Defined but not used: ‘w’

src/FuglyLib.hs:563:1: Warning:
    Top-level binding with no type signature:
      fReadInt :: [Char] -> Int -> String -> Int

src/FuglyLib.hs:564:1: Warning:
    Top-level binding with no type signature:
      fHead :: forall a. [Char] -> a -> [a] -> a

src/FuglyLib.hs:565:7: Warning: Defined but not used: ‘a’

src/FuglyLib.hs:565:9: Warning: Defined but not used: ‘b’

src/FuglyLib.hs:566:1: Warning:
    Top-level binding with no type signature:
      fLast :: forall a. [Char] -> a -> [a] -> a

src/FuglyLib.hs:567:7: Warning: Defined but not used: ‘a’

src/FuglyLib.hs:567:9: Warning: Defined but not used: ‘b’

src/FuglyLib.hs:568:1: Warning:
    Top-level binding with no type signature:
      fTail :: forall a. [Char] -> [a] -> [a] -> [a]

src/FuglyLib.hs:569:7: Warning: Defined but not used: ‘a’

src/FuglyLib.hs:569:9: Warning: Defined but not used: ‘b’

src/FuglyLib.hs:629:12: Warning: Defined but not used: ‘wne’

src/FuglyLib.hs:724:31: Warning: Defined but not used: ‘b’

src/FuglyLib.hs:725:9: Warning: Defined but not used: ‘pgf’

src/FuglyLib.hs:725:13: Warning: Defined but not used: ‘lang’

src/FuglyLib.hs:727:9: Warning: Defined but not used: ‘pgf’

src/FuglyLib.hs:727:13: Warning: Defined but not used: ‘lang’

src/FuglyLib.hs:728:9: Warning: Defined but not used: ‘pgf’

src/FuglyLib.hs:728:13: Warning: Defined but not used: ‘lang’

src/FuglyLib.hs:737:23: Warning: Defined but not used: ‘dict’

src/FuglyLib.hs:737:32: Warning: Defined but not used: ‘wne’

src/FuglyLib.hs:737:36: Warning: Defined but not used: ‘aspell’

src/FuglyLib.hs:761:18: Warning: Defined but not used: ‘d’

src/FuglyLib.hs:761:20: Warning: Defined but not used: ‘p’

src/FuglyLib.hs:761:22: Warning: Defined but not used: ‘w’

src/FuglyLib.hs:761:24: Warning: Defined but not used: ‘s’

src/FuglyLib.hs:761:26: Warning: Defined but not used: ‘a’

src/FuglyLib.hs:761:28: Warning: Defined but not used: ‘b’

src/FuglyLib.hs:778:8: Warning: Defined but not used: ‘msg’

src/FuglyLib.hs:791:29: Warning: Defined but not used: ‘dict’

src/FuglyLib.hs:791:34: Warning: Defined but not used: ‘pgf’

src/FuglyLib.hs:791:42: Warning: Defined but not used: ‘aspell’

src/FuglyLib.hs:810:11: Warning: Defined but not used: ‘fugly’

src/FuglyLib.hs:823:14: Warning: Defined but not used: ‘fugly’

src/FuglyLib.hs:823:32: Warning: Defined but not used: ‘pgf’

src/FuglyLib.hs:823:36: Warning: Defined but not used: ‘wne’

src/FuglyLib.hs:823:40: Warning: Defined but not used: ‘aspell’

src/FuglyLib.hs:891:12: Warning: Defined but not used: ‘fugly’

src/FuglyLib.hs:152:5: Warning:
    Pattern match(es) are non-exhaustive
    In an equation for ‘format'’:
        Patterns not matched:
            Place _ _ _ _ _
            Phrase _ _ _ _ _

src/FuglyLib.hs:252:1: Warning:
    Pattern match(es) are non-exhaustive
    In an equation for ‘wordGetwc’:
        Patterns not matched:
            Place _ _ _ _ _
            Phrase _ _ _ _ _

src/FuglyLib.hs:292:5: Warning:
    Pattern match(es) are non-exhaustive
    In an equation for ‘f’:
        Patterns not matched:
            Place _ _ _ _ _
            Phrase _ _ _ _ _

src/FuglyLib.hs:357:7: Warning:
    Pattern match(es) are non-exhaustive
    In an equation for ‘del'’:
        Patterns not matched:
            Place _ _ _ _ _
            Phrase _ _ _ _ _

src/FuglyLib.hs:363:7: Warning:
    Pattern match(es) are non-exhaustive
    In an equation for ‘age’:
        Patterns not matched:
            Place _ _ _ _ _
            Phrase _ _ _ _ _

src/FuglyLib.hs:386:7: Warning:
    Pattern match(es) are non-exhaustive
    In an equation for ‘f’:
        Patterns not matched:
            (_, Place _ _ _ _ _)
            (_, Phrase _ _ _ _ _)

src/FuglyLib.hs:405:1: Warning:
    Pattern match(es) are non-exhaustive
    In an equation for ‘incCount'’:
        Patterns not matched:
            (Place _ _ _ _ _) _
            (Phrase _ _ _ _ _) _

src/FuglyLib.hs:409:1: Warning:
    Pattern match(es) are non-exhaustive
    In an equation for ‘incBefore'’:
        Patterns not matched:
            (Place _ _ _ _ _) _ _
            (Phrase _ _ _ _ _) _ _

src/FuglyLib.hs:428:1: Warning:
    Pattern match(es) are non-exhaustive
    In an equation for ‘incAfter'’:
        Patterns not matched:
            (Place _ _ _ _ _) _ _
            (Phrase _ _ _ _ _) _ _

src/FuglyLib.hs:484:5: Warning:
    Pattern match(es) are non-exhaustive
    In an equation for ‘f’:
        Patterns not matched:
            Place _ _ _ _ _
            Phrase _ _ _ _ _
[9 of 9] Compiling Main             ( src/FuglyBot.hs, dist/build/fuglybot/fuglybot-tmp/Main.o )

src/FuglyBot.hs:20:5: Warning: Defined but not used: ‘socket’

src/FuglyBot.hs:32:18: Warning: Defined but not used: ‘wndir’

src/FuglyBot.hs:33:18: Warning: Defined but not used: ‘gfdir’

src/FuglyBot.hs:330:5: Warning: Defined but not used: ‘t’

src/FuglyBot.hs:334:9: Warning: Defined but not used: ‘ttime’

src/FuglyBot.hs:621:16: Warning: Defined but not used: ‘n’

src/FuglyBot.hs:621:18: Warning: Defined but not used: ‘i’

src/FuglyBot.hs:246:1: Warning:
    Pattern match(es) are non-exhaustive
    In an equation for ‘changeParam’:
        Patterns not matched:
            (Bot _ Nick _) _ _ _ _
            (Bot _ Owner _) _ _ _ _
            (Bot _ UserCommands _) _ _ _ _
            (Bot _ RejoinKick _) _ _ _ _
            ...

src/FuglyBot.hs:359:1: Warning:
    Pattern match(es) are non-exhaustive
    In an equation for ‘reply’:
        Patterns not matched:
            (Bot _ Nick _) _ _ (_ : _)
            (Bot _ Owner _) _ _ (_ : _)
            (Bot _ UserCommands _) _ _ (_ : _)
            (Bot _ RejoinKick _) _ _ (_ : _)
            ...

src/FuglyBot.hs:653:1: Warning:
    Pattern match(es) are non-exhaustive
    In an equation for ‘insertFromFile’:
        Patterns not matched:
            (Bot _ Nick _) _
            (Bot _ Owner _) _
            (Bot _ UserCommands _) _
            (Bot _ RejoinKick _) _
            ...

src/FuglyBot.hs:664:5: Warning:
    Pattern match(es) are non-exhaustive
    In an equation for ‘internalize'’:
        Patterns not matched:
            (Bot _ Nick _) _ _ (_ : _)
            (Bot _ Owner _) _ _ (_ : _)
            (Bot _ UserCommands _) _ _ (_ : _)
            (Bot _ RejoinKick _) _ _ (_ : _)
            ...
Linking dist/build/fuglybot/fuglybot ...
